<?xml version="1.0" encoding="UTF-8"?>
<!-- Generated by org.testng.reporters.JUnitReportReporter -->
<testsuite skipped="0" hostname="ADMINISTRATOR" name="TC_330_FLIGHT_BOOKING" tests="1" failures="0" timestamp="2021-02-22T13:19:26 EST" time="8.536" errors="0">
  <testcase name="Flight_Booking" time="8.536" classname="TC_330_FLIGHT_BOOKING"/>
  <system-out/>
</testsuite> <!-- TC_330_FLIGHT_BOOKING -->
