<?xml version="1.0" encoding="UTF-8"?>
<!-- Generated by org.testng.reporters.JUnitReportReporter -->
<testsuite skipped="0" hostname="ADMINISTRATOR" name="BROKEN_LINK_PRACTICE" tests="1" failures="0" timestamp="2020-09-23T23:41:54 EDT" time="14.836" errors="0">
  <testcase name="f" time="14.836" classname="BROKEN_LINK_PRACTICE"/>
  <system-out/>
</testsuite> <!-- BROKEN_LINK_PRACTICE -->
